<?xml version="1.0" encoding="UTF-8"?>
<!-- Generated by org.testng.reporters.JUnitReportReporter -->
<testsuite skipped="0" hostname="DESKTOP-GA4OVKF" name="Functional.CartDomain.scripts.Amazon001_SampleScript" tests="1" failures="0" timestamp="06 Oct 2018 11:34:05 GMT" time="139.120" errors="0">
  <testcase name="runTest" time="139.120" classname="Functional.CartDomain.scripts.Amazon001_SampleScript"/>
</testsuite> <!-- Functional.CartDomain.scripts.Amazon001_SampleScript -->
