<?xml version="1.0" encoding="UTF-8"?>
<!-- Generated by org.testng.reporters.JUnitReportReporter -->
<testsuite skipped="0" hostname="DESKTOP-GA4OVKF" name="Functional.homepage.scripts.Amazon001_SampleScript" tests="1" failures="0" timestamp="06 Oct 2018 10:15:59 GMT" time="112.048" errors="0">
  <testcase name="runTest" time="112.048" classname="Functional.homepage.scripts.Amazon001_SampleScript"/>
</testsuite> <!-- Functional.homepage.scripts.Amazon001_SampleScript -->
