<?xml version="1.0" encoding="UTF-8"?>
<!-- Generated by org.testng.reporters.JUnitReportReporter -->
<testsuite skipped="0" hostname="DESKTOP-GA4OVKF" name="Functional.CartDomain.scripts.Amazon001_SampleScript" tests="1" failures="0" timestamp="07 Oct 2018 14:27:11 GMT" time="262.148" errors="0">
  <testcase name="runTest" time="262.148" classname="Functional.CartDomain.scripts.Amazon001_SampleScript"/>
</testsuite> <!-- Functional.CartDomain.scripts.Amazon001_SampleScript -->
