<?xml version="1.0" encoding="UTF-8"?>
<!-- Generated by org.testng.reporters.JUnitReportReporter -->
<testsuite skipped="0" hostname="DESKTOP-GA4OVKF" name="Functional.homepage.scripts.Functional.homepage.scripts.NewTest" tests="1" failures="0" timestamp="06 Oct 2018 08:23:53 GMT" time="15.956" errors="0">
  <testcase name="f" time="15.956" classname="Functional.homepage.scripts.Functional.homepage.scripts.NewTest"/>
</testsuite> <!-- Functional.homepage.scripts.Functional.homepage.scripts.NewTest -->
