<?xml version="1.0" encoding="UTF-8"?>
<!-- Generated by org.testng.reporters.JUnitReportReporter -->
<testsuite skipped="0" hostname="DESKTOP-GA4OVKF" name="Functional.CartDomain.scripts.Amazon001_SampleScript" tests="1" failures="0" timestamp="08 Oct 2018 15:55:38 GMT" time="81.621" errors="0">
  <testcase name="runTest" time="81.621" classname="Functional.CartDomain.scripts.Amazon001_SampleScript"/>
</testsuite> <!-- Functional.CartDomain.scripts.Amazon001_SampleScript -->
